<?xml version="1.0" encoding="UTF-8"?>
<testng-results skipped="0" failed="0" ignored="0" total="1" passed="1">
  <reporter-output>
  </reporter-output>
  <suite name="Default suite" duration-ms="118" started-at="2022-05-14T07:46:29 IST" finished-at="2022-05-14T07:46:29 IST">
    <groups>
    </groups>
    <test name="Default test" duration-ms="118" started-at="2022-05-14T07:46:29 IST" finished-at="2022-05-14T07:46:29 IST">
      <class name="TestNG.BasicTestNG">
        <test-method status="PASS" signature="taru()[pri:0, instance:TestNG.BasicTestNG@27a8c74e]" name="taru" duration-ms="11" started-at="2022-05-14T07:46:29 IST" finished-at="2022-05-14T07:46:29 IST">
          <reporter-output>
          </reporter-output>
        </test-method> <!-- taru -->
      </class> <!-- TestNG.BasicTestNG -->
    </test> <!-- Default test -->
  </suite> <!-- Default suite -->
</testng-results>
